<?xml version="1.0" encoding="UTF-8"?>
<!-- Generated by org.testng.reporters.JUnitReportReporter -->
<testsuite hostname="RajanikanthLAPTOP-GIR9N5MH" failures="0" tests="5" name="JavaStreams.Streamsmethods" time="0.018" errors="0" timestamp="2022-07-05T22:56:34 IST" skipped="0">
  <testcase classname="JavaStreams.Streamsmethods" name="StreamMerging" time="0.002"/>
  <system-out/>
  <testcase classname="JavaStreams.Streamsmethods" name="Regular" time="0.003"/>
  <system-out/>
  <testcase classname="JavaStreams.Streamsmethods" name="StreamMap" time="0.002"/>
  <system-out/>
  <testcase classname="JavaStreams.Streamsmethods" name="StreamCollect" time="0.003"/>
  <system-out/>
  <testcase classname="JavaStreams.Streamsmethods" name="IntStream" time="0.008"/>
  <system-out/>
</testsuite> <!-- JavaStreams.Streamsmethods -->
